# JRE version: Java(TM) SE Runtime Environment (17.0.12+8) (build 17.0.12+8-LTS-286)
# Java VM: Java HotSpot(TM) 64-Bit Server VM (17.0.12+8-LTS-286, mixed mode, sharing, tiered, compressed oops, compressed class ptrs, g1 gc, windows-amd64)
GC Precious Log:
 CPUs: 8 total, 8 available
 Memory: 15293M
 Large Page Support: Disabled
 NUMA Support: Disabled
 Compressed Oops: Enabled (Zero based)
 Heap Region Size: 4M
 Heap Min Capacity: 8M
 Heap Initial Capacity: 240M
 Heap Max Capacity: 8G
 Pre-touch: Disabled
 Parallel Workers: 8
 Concurrent Workers: 2
 Concurrent Refinement Workers: 8
 Periodic GC: Disabled
Heap:
 garbage-first heap   total 716800K, used 336040K [0x0000000600000000, 0x0000000800000000)
  region size 4096K, 3 young (12288K), 3 survivors (12288K)
 Metaspace       used 171885K, committed 173440K, reserved 1245184K
  class space    used 22739K, committed 23488K, reserved 1048576K
GC Heap History (20 events):
Event: 1236.469 GC heap after
{Heap after GC invocations=57 (full 0):
 garbage-first heap   total 716800K, used 292805K [0x0000000600000000, 0x0000000800000000)
  region size 4096K, 8 young (32768K), 8 survivors (32768K)
 Metaspace       used 128153K, committed 129344K, reserved 1179648K
  class space    used 17125K, committed 17728K, reserved 1048576K
}
Event: 1255.937 GC heap before
{Heap before GC invocations=57 (full 0):
 garbage-first heap   total 716800K, used 350149K [0x0000000600000000, 0x0000000800000000)
  region size 4096K, 24 young (98304K), 8 survivors (32768K)
 Metaspace       used 128473K, committed 129792K, reserved 1179648K
  class space    used 17149K, committed 17792K, reserved 1048576K
}
Event: 1255.970 GC heap after
{Heap after GC invocations=58 (full 0):
 garbage-first heap   total 716800K, used 297788K [0x0000000600000000, 0x0000000800000000)
  region size 4096K, 2 young (8192K), 2 survivors (8192K)
 Metaspace       used 128473K, committed 129792K, reserved 1179648K
  class space    used 17149K, committed 17792K, reserved 1048576K
}
Event: 1343.090 GC heap before
{Heap before GC invocations=59 (full 0):
 garbage-first heap   total 716800K, used 637756K [0x0000000600000000, 0x0000000800000000)
  region size 4096K, 71 young (290816K), 2 survivors (8192K)
 Metaspace       used 130495K, committed 131968K, reserved 1179648K
  class space    used 17370K, committed 18112K, reserved 1048576K
}
Event: 1343.130 GC heap after
{Heap after GC invocations=60 (full 0):
 garbage-first heap   total 716800K, used 261625K [0x0000000600000000, 0x0000000800000000)
  region size 4096K, 8 young (32768K), 8 survivors (32768K)
 Metaspace       used 130495K, committed 131968K, reserved 1179648K
  class space    used 17370K, committed 18112K, reserved 1048576K
}
Event: 1343.344 GC heap before
{Heap before GC invocations=60 (full 0):
 garbage-first heap   total 716800K, used 265721K [0x0000000600000000, 0x0000000800000000)
  region size 4096K, 9 young (36864K), 8 survivors (32768K)
 Metaspace       used 130610K, committed 132096K, reserved 1179648K
  class space    used 17380K, committed 18112K, reserved 1048576K
}
Event: 1343.375 GC heap after
{Heap after GC invocations=61 (full 0):
 garbage-first heap   total 716800K, used 262666K [0x0000000600000000, 0x0000000800000000)
  region size 4096K, 2 young (8192K), 2 survivors (8192K)
 Metaspace       used 130610K, committed 132096K, reserved 1179648K
  class space    used 17380K, committed 18112K, reserved 1048576K
}
Event: 1347.129 GC heap before
{Heap before GC invocations=61 (full 0):
 garbage-first heap   total 716800K, used 373258K [0x0000000600000000, 0x0000000800000000)
  region size 4096K, 31 young (126976K), 2 survivors (8192K)
 Metaspace       used 137445K, committed 138880K, reserved 1179648K
  class space    used 18117K, committed 18816K, reserved 1048576K
}
Event: 1347.136 GC heap after
{Heap after GC invocations=62 (full 0):
 garbage-first heap   total 716800K, used 264195K [0x0000000600000000, 0x0000000800000000)
  region size 4096K, 2 young (8192K), 2 survivors (8192K)
 Metaspace       used 137445K, committed 138880K, reserved 1179648K
  class space    used 18117K, committed 18816K, reserved 1048576K
}
Event: 1366.882 GC heap before
{Heap before GC invocations=63 (full 0):
 garbage-first heap   total 716800K, used 673795K [0x0000000600000000, 0x0000000800000000)
  region size 4096K, 68 young (278528K), 2 survivors (8192K)
 Metaspace       used 150970K, committed 152512K, reserved 1245184K
  class space    used 19667K, committed 20352K, reserved 1048576K
}
Event: 1366.908 GC heap after
{Heap after GC invocations=64 (full 0):
 garbage-first heap   total 716800K, used 282044K [0x0000000600000000, 0x0000000800000000)
  region size 4096K, 6 young (24576K), 6 survivors (24576K)
 Metaspace       used 150970K, committed 152512K, reserved 1245184K
  class space    used 19667K, committed 20352K, reserved 1048576K
}
Event: 1366.943 GC heap before
{Heap before GC invocations=64 (full 0):
 garbage-first heap   total 716800K, used 290236K [0x0000000600000000, 0x0000000800000000)
  region size 4096K, 8 young (32768K), 6 survivors (24576K)
 Metaspace       used 151024K, committed 152576K, reserved 1245184K
  class space    used 19673K, committed 20416K, reserved 1048576K
}
Event: 1366.977 GC heap after
{Heap after GC invocations=65 (full 0):
 garbage-first heap   total 716800K, used 236328K [0x0000000600000000, 0x0000000800000000)
  region size 4096K, 1 young (4096K), 1 survivors (4096K)
 Metaspace       used 151024K, committed 152576K, reserved 1245184K
  class space    used 19673K, committed 20416K, reserved 1048576K
}
Event: 1368.052 GC heap before
{Heap before GC invocations=65 (full 0):
 garbage-first heap   total 716800K, used 318248K [0x0000000600000000, 0x0000000800000000)
  region size 4096K, 22 young (90112K), 1 survivors (4096K)
 Metaspace       used 156988K, committed 158528K, reserved 1245184K
  class space    used 20514K, committed 21248K, reserved 1048576K
}
Event: 1368.066 GC heap after
{Heap after GC invocations=66 (full 0):
 garbage-first heap   total 716800K, used 244728K [0x0000000600000000, 0x0000000800000000)
  region size 4096K, 3 young (12288K), 3 survivors (12288K)
 Metaspace       used 156988K, committed 158528K, reserved 1245184K
  class space    used 20514K, committed 21248K, reserved 1048576K
}
Event: 1373.001 GC heap before
{Heap before GC invocations=67 (full 0):
 garbage-first heap   total 716800K, used 584696K [0x0000000600000000, 0x0000000800000000)
  region size 4096K, 76 young (311296K), 3 survivors (12288K)
 Metaspace       used 168847K, committed 170432K, reserved 1245184K
  class space    used 22448K, committed 23232K, reserved 1048576K
}
Event: 1373.097 GC heap after
{Heap after GC invocations=68 (full 0):
 garbage-first heap   total 716800K, used 328796K [0x0000000600000000, 0x0000000800000000)
  region size 4096K, 10 young (40960K), 10 survivors (40960K)
 Metaspace       used 168847K, committed 170432K, reserved 1245184K
  class space    used 22448K, committed 23232K, reserved 1048576K
}
Event: 1373.238 GC heap before
{Heap before GC invocations=68 (full 0):
 garbage-first heap   total 716800K, used 332892K [0x0000000600000000, 0x0000000800000000)
  region size 4096K, 11 young (45056K), 10 survivors (40960K)
 Metaspace       used 168903K, committed 170496K, reserved 1245184K
  class space    used 22453K, committed 23232K, reserved 1048576K
}
Event: 1373.303 GC heap after
{Heap after GC invocations=69 (full 0):
 garbage-first heap   total 716800K, used 329029K [0x0000000600000000, 0x0000000800000000)
  region size 4096K, 2 young (8192K), 2 survivors (8192K)
 Metaspace       used 168903K, committed 170496K, reserved 1245184K
  class space    used 22453K, committed 23232K, reserved 1048576K
}
Event: 1378.798 GC heap before
{Heap before GC invocations=69 (full 0):
 garbage-first heap   total 716800K, used 533829K [0x0000000600000000, 0x0000000800000000)
  region size 4096K, 53 young (217088K), 2 survivors (8192K)
 Metaspace       used 171885K, committed 173440K, reserved 1245184K
  class space    used 22739K, committed 23488K, reserved 1048576K
}

