SF:lib\domin\entities\register_entity.dart
DA:16,1
DA:30,0
DA:31,0
LF:3
LH:1
end_of_record
SF:lib\api\models\register_dto.dart
DA:22,1
DA:36,0
DA:37,0
DA:39,0
DA:41,1
DA:42,1
DA:43,1
DA:44,1
DA:45,1
DA:46,1
DA:47,1
DA:48,1
DA:49,1
DA:50,1
DA:51,1
DA:52,1
DA:53,1
DA:57,0
DA:59,0
DA:60,0
DA:61,0
DA:62,0
DA:63,0
DA:64,0
DA:65,0
DA:66,0
DA:67,0
DA:68,0
DA:69,0
DA:70,0
LF:30
LH:14
end_of_record
SF:lib\api\models\register_dto.g.dart
DA:9,0
DA:10,0
DA:11,0
DA:12,0
DA:13,0
DA:14,0
DA:15,0
DA:16,0
DA:17,0
DA:18,0
DA:19,0
DA:21,0
DA:23,0
DA:26,0
DA:27,0
DA:28,0
DA:29,0
DA:30,0
DA:31,0
DA:32,0
DA:33,0
DA:34,0
DA:35,0
DA:36,0
DA:37,0
DA:38,0
LF:26
LH:0
end_of_record
SF:lib\api\models\requestes\register_request_dto\register_request_dto.dart
DA:17,0
DA:27,0
DA:28,0
DA:31,0
DA:33,0
DA:36,0
DA:37,0
DA:38,0
DA:39,0
DA:40,0
DA:41,0
DA:42,0
DA:43,0
DA:47,0
DA:49,0
LF:15
LH:0
end_of_record
SF:lib\api\models\requestes\register_request_dto\register_request_dto.g.dart
DA:9,0
DA:10,0
DA:11,0
DA:12,0
DA:13,0
DA:14,0
DA:15,0
DA:16,0
DA:17,0
DA:20,0
DA:21,0
DA:22,0
DA:23,0
DA:24,0
DA:25,0
DA:26,0
DA:27,0
DA:28,0
LF:18
LH:0
end_of_record
SF:lib\domin\entities\requests\register_request_entity.dart
DA:10,0
LF:1
LH:0
end_of_record
SF:lib\api\client\api_client.g.dart
DA:12,0
DA:20,0
DA:24,0
DA:25,0
DA:26,0
DA:27,0
DA:28,0
DA:29,0
DA:30,0
DA:31,0
DA:32,0
DA:37,0
DA:39,0
DA:42,0
DA:44,0
DA:50,0
DA:51,0
DA:52,0
DA:53,0
DA:54,0
DA:55,0
DA:57,0
DA:63,0
DA:64,0
DA:68,0
DA:70,0
DA:71,0
DA:74,0
LF:28
LH:0
end_of_record
SF:lib\api\models\responses\register_response_dto\register_response_dto.dart
DA:14,0
DA:16,0
DA:17,0
DA:20,0
DA:22,0
DA:23,0
LF:6
LH:0
end_of_record
SF:lib\api\models\responses\register_response_dto\register_response_dto.g.dart
DA:9,0
DA:10,0
DA:11,0
DA:13,0
DA:15,0
DA:16,0
DA:19,0
DA:21,0
DA:22,0
DA:23,0
DA:24,0
LF:11
LH:0
end_of_record
SF:lib\api\data_source\auth_remote_data_source_impl.dart
DA:12,0
DA:14,0
DA:19,0
DA:20,0
DA:22,0
DA:24,0
LF:6
LH:0
end_of_record
SF:lib\core\api_result\api_result.dart
DA:8,0
DA:14,0
DA:15,0
DA:16,0
DA:18,0
LF:5
LH:0
end_of_record
SF:lib\core\api_result\dio_error_handler.dart
DA:4,0
DA:5,0
DA:6,0
DA:7,0
DA:9,0
DA:10,0
DA:12,0
DA:13,0
DA:15,0
DA:16,0
DA:18,0
DA:19,0
DA:21,0
DA:22,0
DA:24,0
DA:25,0
DA:27,0
DA:28,0
DA:32,0
DA:33,0
DA:36,0
DA:37,0
DA:39,0
DA:40,0
DA:41,0
DA:43,0
DA:44,0
DA:45,0
DA:46,0
DA:47,0
DA:53,0
DA:57,0
DA:59,0
LF:33
LH:0
end_of_record
SF:lib\generated\l10n.dart
DA:16,0
DA:20,0
DA:22,0
DA:30,0
DA:31,0
DA:32,0
DA:33,0
DA:34,0
DA:35,0
DA:36,0
DA:37,0
DA:44,0
DA:45,0
DA:47,0
DA:53,0
DA:54,0
DA:58,0
DA:59,0
DA:63,0
DA:68,0
DA:69,0
DA:73,0
DA:78,0
DA:79,0
DA:83,0
DA:88,0
DA:89,0
DA:93,0
DA:98,0
DA:99,0
DA:103,0
DA:108,0
DA:109,0
DA:113,0
DA:118,0
DA:119,0
DA:123,0
DA:128,0
DA:129,0
DA:133,0
DA:138,0
DA:139,0
DA:143,0
DA:148,0
DA:149,0
DA:153,0
DA:158,0
DA:159,0
DA:164,1
DA:166,0
DA:170,0
DA:171,0
DA:172,0
DA:173,0
DA:174,0
DA:177,0
DA:178,0
DA:179,0
LF:58
LH:1
end_of_record
SF:lib\generated\intl\messages_all.dart
DA:22,0
DA:23,0
DA:26,0
DA:28,0
DA:29,0
DA:36,0
DA:37,0
DA:39,0
DA:40,0
DA:43,0
DA:45,0
DA:46,0
DA:47,0
DA:48,0
DA:49,0
DA:52,0
DA:54,0
DA:60,0
DA:61,0
DA:64,0
DA:67,0
LF:21
LH:0
end_of_record
SF:lib\generated\intl\messages_en.dart
DA:16,0
DA:21,0
DA:24,0
DA:25,0
DA:28,0
DA:31,0
DA:34,0
DA:37,0
DA:40,0
DA:43,0
DA:46,0
DA:49,0
DA:52,0
DA:53,0
LF:14
LH:0
end_of_record
