SF:lib\api\data_source\auth_local_data_source_impl.dart
DA:10,1
DA:12,1
DA:13,2
DA:16,1
DA:18,1
DA:20,1
DA:24,1
DA:26,1
DA:29,1
DA:31,1
DA:34,1
DA:36,2
DA:37,1
DA:40,1
DA:42,2
DA:43,2
LF:16
LH:16
end_of_record
SF:lib\api\client\api_client.g.dart
DA:14,0
DA:22,0
DA:26,0
DA:27,0
DA:28,0
DA:29,0
DA:30,0
DA:31,0
DA:32,0
DA:33,0
DA:34,0
DA:39,0
DA:41,0
DA:44,0
DA:46,0
DA:52,0
DA:54,0
DA:55,0
DA:56,0
DA:57,0
DA:58,0
DA:59,0
DA:60,0
DA:61,0
DA:62,0
DA:67,0
DA:69,0
DA:72,0
DA:74,0
DA:80,0
DA:84,0
DA:85,0
DA:86,0
DA:87,0
DA:88,0
DA:89,0
DA:90,0
DA:91,0
DA:92,0
DA:97,0
DA:99,0
DA:102,0
DA:104,0
DA:110,0
DA:112,0
DA:113,0
DA:114,0
DA:115,0
DA:116,0
DA:117,0
DA:118,0
DA:119,0
DA:120,0
DA:125,0
DA:127,0
DA:130,0
DA:132,0
DA:138,0
DA:140,0
DA:141,0
DA:142,0
DA:143,0
DA:144,0
DA:145,0
DA:146,0
DA:147,0
DA:148,0
DA:153,0
DA:155,0
DA:158,0
DA:160,0
DA:166,0
DA:168,0
DA:169,0
DA:170,0
DA:172,0
DA:173,0
DA:174,0
DA:175,0
DA:180,0
DA:182,0
DA:185,0
DA:187,0
DA:193,0
DA:195,0
DA:196,0
DA:197,0
DA:199,0
DA:200,0
DA:201,0
DA:202,0
DA:207,0
DA:209,0
DA:212,0
DA:214,0
DA:220,0
DA:222,0
DA:223,0
DA:224,0
DA:226,0
DA:227,0
DA:228,0
DA:229,0
DA:234,0
DA:236,0
DA:239,0
DA:241,0
DA:247,0
DA:249,0
DA:250,0
DA:251,0
DA:253,0
DA:254,0
DA:255,0
DA:256,0
DA:261,0
DA:263,0
DA:266,0
DA:268,0
DA:274,0
DA:276,0
DA:277,0
DA:278,0
DA:280,0
DA:281,0
DA:282,0
DA:283,0
DA:288,0
DA:290,0
DA:293,0
DA:295,0
DA:301,0
DA:302,0
DA:303,0
DA:304,0
DA:305,0
DA:306,0
DA:308,0
DA:314,0
DA:315,0
DA:319,0
DA:321,0
DA:322,0
DA:325,0
LF:144
LH:0
end_of_record
SF:lib\api\data_source\auth_remote_data_source_impl.dart
DA:23,1
DA:25,1
DA:29,1
DA:30,3
DA:31,1
DA:33,3
DA:37,1
DA:41,2
DA:44,1
DA:48,1
DA:49,4
DA:50,2
DA:54,1
DA:58,1
DA:59,4
DA:60,2
DA:64,1
DA:68,1
DA:69,4
DA:70,2
LF:20
LH:20
end_of_record
SF:lib\api\mapper\auth\forget_password_mapper.dart
DA:16,2
DA:17,6
DA:22,2
DA:23,4
DA:28,2
DA:29,4
DA:34,2
DA:35,6
DA:40,2
DA:41,4
DA:46,2
DA:47,4
LF:12
LH:12
end_of_record
SF:lib\api\models\register_dto.dart
DA:22,2
DA:36,0
DA:37,0
DA:39,0
DA:41,0
DA:44,0
DA:46,0
DA:52,0
DA:54,0
DA:55,0
DA:56,0
DA:57,0
DA:58,0
DA:59,0
DA:60,0
DA:61,0
DA:62,0
DA:67,0
DA:69,0
DA:70,0
LF:30
LH:14
end_of_record
SF:lib\api\models\register_dto.g.dart
DA:9,0
DA:10,0
DA:11,0
DA:12,0
DA:13,0
DA:14,0
DA:15,0
DA:16,0
DA:17,0
DA:18,0
DA:19,0
DA:20,0
DA:22,0
DA:25,0
DA:26,0
DA:27,0
DA:28,0
DA:29,0
DA:30,0
DA:31,0
DA:32,0
DA:33,0
DA:34,0
DA:35,0
DA:36,0
DA:37,0
LF:26
LH:0
end_of_record
SF:lib\api\models\requestes\auth\forget_password_request.dart
DA:11,2
DA:15,0
DA:16,0
DA:19,0
DA:20,0
DA:23,1
DA:24,2
LF:7
LH:3
end_of_record
SF:lib\api\models\requestes\auth\forget_password_request.g.dart
DA:9,0
DA:11,0
DA:13,0
DA:15,0
LF:4
LH:0
end_of_record
SF:lib\api\models\requestes\auth\reset_password_request.dart
DA:13,2
DA:18,0
DA:19,0
DA:22,0
DA:23,0
DA:26,1
DA:27,3
LF:7
LH:3
end_of_record
SF:lib\api\models\requestes\auth\reset_password_request.g.dart
DA:9,0
DA:11,0
DA:12,0
DA:13,0
DA:16,0
DA:18,0
DA:19,0
DA:20,0
LF:8
LH:0
end_of_record
SF:lib\api\models\requestes\auth\verify_reset_request.dart
DA:11,2
DA:15,0
DA:16,0
DA:19,0
DA:20,0
DA:23,1
DA:24,2
LF:7
LH:3
end_of_record
SF:lib\api\models\requestes\auth\verify_reset_request.g.dart
DA:9,0
DA:10,0
DA:12,0
DA:13,0
LF:4
LH:0
end_of_record
SF:lib\api\models\requestes\login_requests\login_request.dart
DA:12,4
DA:19,0
DA:20,0
DA:23,0
DA:25,1
DA:26,4
LF:6
LH:3
end_of_record
SF:lib\api\models\requestes\login_requests\login_request.g.dart
DA:9,0
DA:10,0
DA:11,0
DA:12,0
DA:15,0
DA:16,0
LF:6
LH:0
end_of_record
SF:lib\api\models\requestes\register_request_dto\register_request_dto.dart
DA:17,2
DA:27,0
DA:28,0
DA:31,0
DA:33,2
DA:36,2
DA:37,2
DA:38,2
DA:39,2
DA:40,2
DA:41,2
DA:42,2
DA:43,2
DA:47,1
DA:49,8
LF:15
LH:12
end_of_record
SF:lib\api\models\requestes\register_request_dto\register_request_dto.g.dart
DA:9,0
DA:10,0
DA:11,0
DA:12,0
DA:13,0
DA:14,0
DA:15,0
DA:16,0
DA:17,0
DA:20,0
DA:21,0
DA:22,0
DA:23,0
DA:24,0
DA:25,0
DA:26,0
DA:27,0
DA:28,0
LF:18
LH:0
end_of_record
SF:lib\api\models\responses\auth\forget_password_response.dart
DA:12,2
DA:17,0
DA:18,0
DA:21,0
DA:22,0
LF:5
LH:1
end_of_record
SF:lib\api\models\responses\auth\forget_password_response.g.dart
DA:9,0
DA:11,0
DA:12,0
DA:13,0
DA:16,0
DA:18,0
LF:6
LH:0
end_of_record
SF:lib\api\models\responses\auth\reset_password_response.dart
DA:12,2
DA:17,0
DA:18,0
DA:21,0
DA:22,0
LF:5
LH:1
end_of_record
SF:lib\api\models\responses\auth\reset_password_response.g.dart
DA:9,0
DA:11,0
DA:12,0
DA:13,0
DA:16,0
DA:18,0
LF:6
LH:0
end_of_record
SF:lib\api\models\responses\auth\verify_reset_response.dart
DA:10,2
DA:14,0
DA:15,0
DA:18,0
DA:19,0
LF:5
LH:1
end_of_record
SF:lib\api\models\responses\auth\verify_reset_response.g.dart
DA:9,0
DA:10,0
DA:12,0
DA:14,0
LF:4
LH:0
end_of_record
SF:lib\api\models\responses\login_response\login_response_dto.dart
DA:11,2
DA:17,0
DA:18,0
DA:20,0
LF:4
LH:1
end_of_record
SF:lib\api\models\responses\login_response\login_response_dto.g.dart
DA:9,0
DA:10,0
DA:11,0
DA:12,0
DA:13,0
DA:16,0
DA:17,0
DA:18,0
DA:19,0
DA:20,0
LF:10
LH:0
end_of_record
SF:lib\api\models\responses\register_response_dto\register_response_dto.dart
DA:14,1
DA:16,0
DA:17,0
DA:20,0
DA:22,0
DA:23,0
LF:6
LH:1
end_of_record
SF:lib\api\models\responses\register_response_dto\register_response_dto.g.dart
DA:9,0
DA:10,0
DA:11,0
DA:12,0
DA:14,0
DA:15,0
DA:18,0
DA:20,0
DA:21,0
DA:22,0
DA:23,0
LF:11
LH:0
end_of_record
SF:lib\core\api_result\api_result.dart
DA:8,22
DA:14,22
DA:15,44
DA:16,3
DA:18,66
DA:23,4
DA:28,4
DA:29,8
DA:31,4
LF:9
LH:9
end_of_record
SF:lib\domin\entities\auth\request\forget_password_request_entity.dart
DA:6,6
DA:8,1
DA:9,2
LF:3
LH:3
end_of_record
SF:lib\domin\entities\auth\request\reset_password_request_entity.dart
DA:7,6
DA:9,1
DA:10,3
LF:3
LH:3
end_of_record
SF:lib\domin\entities\auth\request\verify_reset_request_entity.dart
DA:6,6
DA:8,1
DA:9,2
LF:3
LH:3
end_of_record
SF:lib\domin\entities\auth\response\forget_password_entity.dart
DA:5,5
LF:1
LH:1
end_of_record
SF:lib\domin\entities\auth\response\reset_password_entity.dart
DA:4,5
LF:1
LH:1
end_of_record
SF:lib\domin\entities\auth\response\verify_reset_entity.dart
DA:4,5
LF:1
LH:1
end_of_record
SF:lib\domin\entities\login_entity.dart
DA:6,4
DA:8,1
DA:9,3
LF:3
LH:3
end_of_record
SF:lib\api\models\responses\profile\profile_info_response\user_dto.dart
DA:20,5
DA:35,1
DA:36,1
DA:38,2
LF:4
LH:4
end_of_record
SF:lib\api\models\responses\profile\profile_info_response\user_dto.g.dart
DA:9,2
DA:10,1
DA:11,1
DA:12,1
DA:13,1
DA:14,1
DA:15,1
DA:16,1
DA:17,1
DA:18,1
DA:19,1
DA:20,1
DA:21,1
DA:24,2
DA:25,1
DA:26,1
DA:27,1
DA:28,1
DA:29,1
DA:30,1
DA:31,1
DA:32,1
DA:33,1
DA:34,1
DA:35,1
DA:36,1
LF:26
LH:26
end_of_record
SF:lib\api\models\responses\categories\categories_response.dart
DA:17,1
DA:19,0
DA:20,0
DA:23,0
DA:24,0
LF:5
LH:1
end_of_record
SF:lib\api\models\responses\categories\categories_response.g.dart
DA:9,0
DA:10,0
DA:11,0
DA:12,0
DA:14,0
DA:15,0
DA:16,0
DA:17,0
DA:20,0
DA:21,0
DA:22,0
DA:23,0
DA:24,0
LF:13
LH:0
end_of_record
SF:lib\api\models\responses\occasions_reponse_dto\occasions_reponse_dto.dart
DA:15,1
DA:17,0
DA:18,0
DA:21,0
DA:23,0
DA:24,0
LF:6
LH:1
end_of_record
SF:lib\api\models\responses\occasions_reponse_dto\occasions_reponse_dto.g.dart
DA:9,0
DA:10,0
DA:11,0
DA:12,0
DA:14,0
DA:15,0
DA:16,0
DA:17,0
DA:20,0
DA:22,0
DA:23,0
DA:24,0
DA:25,0
LF:13
LH:0
end_of_record
SF:lib\api\models\responses\products_reponse_dto\products_reponse_dto.dart
DA:15,1
DA:17,0
DA:18,0
DA:21,0
DA:23,0
DA:24,0
LF:6
LH:1
end_of_record
SF:lib\api\models\responses\products_reponse_dto\products_reponse_dto.g.dart
DA:9,0
DA:10,0
DA:11,0
DA:12,0
DA:14,0
DA:15,0
DA:16,0
DA:17,0
DA:20,0
DA:21,0
DA:22,0
DA:23,0
DA:24,0
LF:13
LH:0
end_of_record
SF:lib\api\models\responses\login_response\user_response_dto.dart
DA:20,2
DA:34,0
DA:35,0
DA:37,0
LF:4
LH:1
end_of_record
SF:lib\api\models\responses\login_response\user_response_dto.g.dart
DA:9,0
DA:10,0
DA:11,0
DA:12,0
DA:13,0
DA:14,0
DA:15,0
DA:16,0
DA:17,0
DA:18,0
DA:19,0
DA:20,0
DA:21,0
DA:24,0
DA:27,0
DA:29,0
DA:30,0
DA:31,0
DA:32,0
DA:33,0
DA:34,0
DA:35,0
DA:36,0
LF:26
LH:0
end_of_record
SF:lib\domin\entities\login_entity.dart
DA:6,4
DA:8,1
DA:9,3
LF:3
LH:3
end_of_record
SF:lib\api\models\occasion_dto.dart
DA:19,3
DA:30,0
DA:31,0
DA:34,0
DA:36,2
DA:37,2
DA:38,2
DA:39,2
DA:40,2
DA:41,2
DA:42,2
DA:43,2
DA:44,2
DA:45,2
DA:49,0
DA:51,0
DA:52,0
DA:53,0
DA:54,0
DA:55,0
DA:56,0
DA:57,0
DA:58,0
DA:59,0
LF:24
LH:11
end_of_record
SF:lib\api\models\occasion_dto.g.dart
DA:9,0
DA:10,0
DA:11,0
DA:12,0
DA:13,0
DA:14,0
DA:16,0
DA:17,0
DA:19,0
DA:20,0
DA:21,0
DA:24,0
DA:25,0
DA:26,0
DA:27,0
DA:28,0
DA:29,0
DA:30,0
DA:31,0
DA:32,0
DA:33,0
LF:21
LH:0
end_of_record
SF:lib\domin\entities\occasion_entity.dart
DA:14,5
DA:25,2
DA:27,2
DA:28,2
DA:29,2
DA:30,2
DA:31,2
DA:32,2
DA:33,2
DA:34,2
DA:35,2
LF:11
LH:11
end_of_record
SF:lib\api\models\product_dto.dart
DA:30,3
DA:51,0
DA:52,0
DA:55,0
DA:57,2
DA:58,2
DA:59,2
DA:60,2
DA:61,2
DA:62,2
DA:63,2
DA:64,2
DA:65,2
DA:66,2
DA:67,2
DA:68,2
DA:69,2
DA:70,2
DA:71,2
DA:72,2
DA:73,2
DA:74,2
DA:75,2
DA:76,2
DA:80,0
DA:82,0
DA:83,0
DA:84,0
DA:85,0
DA:86,0
DA:87,0
DA:88,0
DA:89,0
DA:90,0
DA:91,0
DA:92,0
DA:93,0
DA:94,0
DA:95,0
DA:96,0
DA:97,0
DA:98,0
DA:99,0
DA:100,0
DA:101,0
LF:45
LH:21
end_of_record
SF:lib\api\models\product_dto.g.dart
DA:9,0
DA:10,0
DA:11,0
DA:12,0
DA:13,0
DA:14,0
DA:15,0
DA:16,0
DA:17,0
DA:18,0
DA:19,0
DA:20,0
DA:21,0
DA:22,0
DA:23,0
DA:25,0
DA:26,0
DA:28,0
DA:29,0
DA:30,0
DA:31,0
DA:34,0
DA:35,0
DA:36,0
DA:37,0
DA:38,0
DA:39,0
DA:40,0
DA:41,0
DA:42,0
DA:43,0
DA:44,0
DA:45,0
DA:46,0
DA:47,0
DA:48,0
DA:49,0
DA:50,0
DA:51,0
DA:52,0
DA:53,0
LF:41
LH:0
end_of_record
SF:lib\domin\entities\product_entity.dart
DA:23,7
DA:45,3
DA:47,3
DA:48,3
DA:49,3
DA:50,3
DA:51,3
DA:52,3
DA:53,3
DA:54,3
DA:55,3
DA:56,3
DA:57,3
DA:58,3
DA:59,3
DA:60,3
DA:61,3
DA:62,3
DA:63,3
DA:64,3
DA:65,3
DA:66,3
LF:22
LH:22
end_of_record
SF:lib\api\models\responses\meta_data.dart
DA:16,1
DA:18,0
DA:19,0
DA:22,0
DA:23,0
LF:5
LH:1
end_of_record
SF:lib\api\models\responses\meta_data.g.dart
DA:9,0
DA:10,0
DA:11,0
DA:12,0
DA:13,0
DA:16,0
DA:17,0
DA:18,0
DA:19,0
DA:20,0
LF:10
LH:0
end_of_record
SF:lib\api\models\responses\categories\category_dto.dart
DA:24,2
DA:35,0
DA:36,0
DA:39,0
DA:40,0
LF:5
LH:1
end_of_record
SF:lib\api\models\responses\categories\category_dto.g.dart
DA:9,0
DA:10,0
DA:11,0
DA:12,0
DA:13,0
DA:14,0
DA:15,0
DA:16,0
DA:17,0
DA:20,0
DA:21,0
DA:22,0
DA:23,0
DA:24,0
DA:25,0
DA:26,0
DA:27,0
DA:28,0
DA:29,0
LF:19
LH:0
end_of_record
SF:lib\api\models\responses\occasions_reponse_dto\metadata.dart
DA:13,1
DA:20,0
DA:21,0
DA:24,0
DA:26,0
DA:27,0
LF:6
LH:1
end_of_record
SF:lib\api\models\responses\occasions_reponse_dto\metadata.g.dart
DA:9,0
DA:10,0
DA:11,0
DA:12,0
DA:13,0
DA:16,0
DA:17,0
DA:18,0
DA:19,0
DA:20,0
LF:10
LH:0
end_of_record
SF:lib\api\models\responses\products_reponse_dto\metadata.dart
DA:13,1
DA:20,0
DA:21,0
DA:24,0
DA:26,0
DA:27,0
LF:6
LH:1
end_of_record
SF:lib\api\models\responses\products_reponse_dto\metadata.g.dart
DA:9,0
DA:10,0
DA:11,0
DA:12,0
DA:13,0
DA:16,0
DA:17,0
DA:18,0
DA:19,0
DA:20,0
LF:10
LH:0
end_of_record
SF:lib\core\api_result\dio_error_handler.dart
DA:4,1
DA:5,1
DA:6,1
DA:7,0
DA:9,1
DA:10,0
DA:12,1
DA:13,0
DA:15,1
DA:16,0
DA:18,1
DA:19,0
DA:21,1
DA:22,0
DA:24,1
DA:25,0
DA:27,1
DA:28,4
DA:32,0
DA:33,0
DA:36,0
DA:37,0
DA:39,0
DA:40,0
DA:41,0
DA:43,0
DA:44,0
DA:45,0
DA:46,0
DA:47,0
DA:53,0
DA:57,0
DA:59,0
LF:33
LH:11
end_of_record
SF:lib\generated\l10n.dart
DA:16,1
DA:20,0
DA:22,0
DA:30,0
DA:31,0
DA:32,0
DA:33,0
DA:34,0
DA:35,0
DA:36,0
DA:37,0
DA:44,0
DA:45,0
DA:47,0
DA:53,0
DA:54,0
DA:58,0
DA:59,0
DA:63,0
DA:68,0
DA:69,0
DA:73,0
DA:78,0
DA:79,0
DA:83,0
DA:88,0
DA:89,0
DA:93,0
DA:98,0
DA:99,0
DA:103,0
DA:108,0
DA:109,0
DA:113,0
DA:118,0
DA:119,0
DA:123,0
DA:128,0
DA:129,0
DA:133,0
DA:138,0
DA:139,0
DA:143,0
DA:148,1
DA:149,1
DA:153,1
DA:158,0
DA:159,0
DA:163,0
DA:164,0
DA:168,0
DA:173,0
DA:174,0
DA:178,0
DA:183,0
DA:184,0
DA:188,0
DA:193,0
DA:194,0
DA:198,0
DA:203,0
DA:204,0
DA:208,0
DA:213,0
DA:214,0
DA:218,0
DA:223,0
DA:224,0
DA:228,0
DA:233,0
DA:234,0
DA:238,0
DA:243,0
DA:244,0
DA:248,0
DA:253,0
DA:254,0
DA:258,0
DA:259,0
DA:263,0
DA:264,0
DA:268,0
DA:273,0
DA:274,0
DA:278,0
DA:279,0
DA:283,0
DA:288,0
DA:289,0
DA:293,0
DA:294,0
DA:298,0
DA:303,0
DA:304,0
DA:308,0
DA:309,0
DA:313,0
DA:318,0
DA:319,0
DA:323,0
DA:328,0
DA:329,0
DA:333,0
DA:338,0
DA:339,0
DA:343,0
DA:348,0
DA:349,0
DA:353,0
DA:354,0
DA:358,0
DA:359,0
DA:363,0
DA:364,0
DA:368,0
DA:373,0
DA:374,0
DA:378,0
DA:383,0
DA:384,0
DA:388,0
DA:393,0
DA:394,0
DA:398,0
DA:399,0
DA:403,0
DA:404,0
DA:408,0
DA:409,0
DA:413,0
DA:418,0
DA:419,0
DA:423,0
DA:424,0
DA:428,0
DA:429,0
DA:433,0
DA:438,0
DA:439,0
DA:443,0
DA:444,0
DA:448,0
DA:449,0
DA:453,0
DA:458,0
DA:459,0
DA:463,0
DA:464,0
DA:468,0
DA:473,0
DA:474,0
DA:478,0
DA:483,0
DA:484,0
DA:488,0
DA:493,0
DA:494,0
DA:498,0
DA:503,0
DA:504,0
DA:508,0
DA:509,0
DA:513,0
DA:518,0
DA:519,0
DA:523,0
DA:528,0
DA:529,0
DA:533,0
DA:538,0
DA:539,0
DA:543,0
DA:548,0
DA:549,0
DA:553,0
DA:554,0
DA:558,0
DA:563,0
DA:564,0
DA:568,0
DA:569,0
DA:573,0
DA:578,0
DA:579,0
DA:583,0
DA:584,0
DA:588,0
DA:593,0
DA:594,0
DA:598,0
DA:599,0
DA:603,0
DA:608,0
DA:609,0
DA:613,0
DA:618,0
DA:619,0
DA:623,0
DA:628,0
DA:629,0
DA:633,0
DA:634,0
DA:638,0
DA:639,0
DA:643,0
DA:644,0
DA:648,0
DA:649,0
DA:653,0
DA:654,0
DA:658,0
DA:659,0
DA:663,0
DA:664,0
DA:668,0
DA:669,0
DA:673,0
DA:674,0
DA:678,0
DA:683,0
DA:684,0
DA:688,0
DA:689,0
DA:693,0
DA:694,0
DA:698,0
DA:699,0
DA:703,0
DA:708,0
DA:709,0
DA:713,0
DA:718,0
DA:719,0
DA:723,0
DA:724,0
DA:728,0
DA:729,0
DA:733,0
DA:734,0
DA:738,0
DA:739,0
DA:743,0
DA:744,0
DA:748,0
DA:753,0
DA:754,0
DA:759,29
DA:761,0
DA:765,0
DA:766,0
DA:767,0
DA:768,0
DA:769,0
DA:772,0
DA:773,0
DA:774,0
LF:256
LH:5
end_of_record
SF:lib\generated\intl\messages_all.dart
DA:22,0
DA:23,0
DA:26,0
DA:28,0
DA:29,0
DA:36,0
DA:37,0
DA:39,0
DA:40,0
DA:43,0
DA:45,0
DA:46,0
DA:47,0
DA:48,0
DA:49,0
DA:52,0
DA:54,0
DA:60,0
DA:61,0
DA:64,0
DA:67,0
LF:21
LH:0
end_of_record
SF:lib\generated\intl\messages_en.dart
DA:16,0
DA:21,0
DA:24,0
DA:25,0
DA:26,0
DA:27,0
DA:30,0
DA:33,0
DA:36,0
DA:37,0
DA:38,0
DA:39,0
DA:40,0
DA:41,0
DA:42,0
DA:43,0
DA:44,0
DA:47,0
DA:50,0
DA:53,0
DA:56,0
DA:59,0
DA:62,0
DA:63,0
DA:66,0
DA:67,0
DA:68,0
DA:71,0
DA:72,0
DA:75,0
DA:76,0
DA:77,0
DA:80,0
DA:81,0
DA:84,0
DA:87,0
DA:90,0
DA:93,0
DA:96,0
DA:97,0
DA:100,0
DA:101,0
DA:102,0
DA:103,0
DA:104,0
DA:105,0
DA:106,0
DA:107,0
DA:108,0
DA:109,0
DA:110,0
DA:111,0
DA:112,0
DA:113,0
DA:114,0
DA:115,0
DA:116,0
DA:119,0
DA:120,0
DA:121,0
DA:122,0
DA:123,0
DA:124,0
DA:127,0
DA:130,0
DA:133,0
DA:134,0
DA:135,0
DA:136,0
DA:137,0
DA:138,0
DA:141,0
DA:144,0
DA:145,0
DA:148,0
DA:151,0
DA:154,0
DA:155,0
DA:158,0
DA:161,0
DA:162,0
DA:163,0
DA:166,0
DA:169,0
DA:170,0
DA:171,0
DA:172,0
DA:173,0
DA:176,0
DA:177,0
DA:178,0
DA:179,0
DA:182,0
DA:185,0
DA:186,0
DA:189,0
DA:190,0
LF:93
LH:0
end_of_record
SF:lib\api\data_source\categories_remote_data_source_impl.dart
DA:13,1
DA:15,1
DA:17,1
DA:18,3
DA:19,6
LF:5
LH:5
end_of_record
SF:lib\api\mapper\categories\category_mapper.dart
DA:5,2
DA:6,2
DA:7,2
DA:8,2
DA:9,2
DA:10,2
DA:11,2
DA:12,2
DA:13,2
DA:14,2
LF:10
LH:10
end_of_record
SF:lib\domin\entities\category_entity.dart
DA:13,5
DA:24,2
DA:25,2
DA:26,2
DA:27,2
DA:28,2
DA:29,2
DA:30,2
DA:31,2
DA:32,2
DA:33,2
LF:11
LH:11
end_of_record
SF:lib\api\data_source\occasion_remote_data_source_impl.dart
DA:10,1
DA:12,1
DA:14,1
DA:15,3
DA:16,1
DA:17,1
DA:18,3
DA:19,1
LF:8
LH:8
end_of_record
SF:lib\api\data_source\products_remote_data_source_impl.dart
DA:12,1
DA:14,0
DA:16,0
DA:17,0
DA:18,0
DA:22,1
DA:26,1
DA:27,3
DA:28,6
DA:32,1
DA:36,1
DA:37,3
DA:38,6
LF:13
LH:9
end_of_record
SF:lib\data\repositories\auth_repo_impl.dart
DA:27,1
DA:29,1
DA:33,2
DA:36,1
DA:41,2
DA:44,1
DA:45,1
DA:46,1
DA:49,1
DA:50,1
DA:53,1
DA:57,1
DA:63,2
DA:64,2
DA:65,2
DA:67,0
DA:71,0
DA:73,0
DA:80,1
DA:83,2
DA:85,0
DA:86,0
DA:91,1
DA:95,2
DA:98,1
DA:102,2
DA:105,1
DA:109,2
LF:28
LH:23
end_of_record
SF:lib\api\mapper\auth\login_mapper.dart
DA:5,1
DA:6,1
DA:7,1
DA:8,1
LF:4
LH:4
end_of_record
SF:lib\data\repositories\categories_repo_impl.dart
DA:12,1
DA:14,1
DA:16,2
LF:3
LH:3
end_of_record
SF:lib\data\repositories\occasion_repo_impl.dart
DA:10,1
DA:12,1
DA:14,2
LF:3
LH:3
end_of_record
SF:lib\data\repositories\products_repo_impl.dart
DA:12,1
DA:14,0
DA:16,0
DA:19,1
DA:23,2
DA:26,1
DA:30,2
LF:7
LH:5
end_of_record
SF:lib\domin\use_cases\forget_password_use_case.dart
DA:11,1
DA:13,1
DA:14,2
LF:3
LH:3
end_of_record
SF:lib\domin\use_cases\get_all_categories_use_case.dart
DA:11,1
DA:13,1
DA:14,2
LF:3
LH:3
end_of_record
SF:lib\domin\use_cases\get_products_by_category_use_case.dart
DA:11,1
DA:13,1
DA:14,2
LF:3
LH:3
end_of_record
SF:lib\domin\use_cases\get_products_by_occasion_use_case.dart
DA:10,1
DA:12,1
DA:13,2
LF:3
LH:3
end_of_record
SF:lib\domin\use_cases\get_user_status_use_case.dart
DA:8,1
DA:9,1
DA:10,2
LF:3
LH:3
end_of_record
SF:lib\domin\use_cases\login_use_case.dart
DA:11,1
DA:12,1
DA:15,2
LF:3
LH:3
end_of_record
SF:lib\domin\use_cases\occasion_use_case.dart
DA:9,1
DA:11,1
DA:12,2
LF:3
LH:3
end_of_record
SF:lib\domin\use_cases\register_use_case.dart
DA:10,1
DA:12,1
DA:15,2
LF:3
LH:3
end_of_record
SF:lib\domin\use_cases\reset_password_use_case.dart
DA:12,1
DA:14,1
DA:15,2
LF:3
LH:3
end_of_record
SF:lib\domin\use_cases\verify_reset_code_use_case.dart
DA:12,1
DA:14,1
DA:15,2
LF:3
LH:3
end_of_record
SF:lib\presentation\auth\forget_password\view_models\forget_password_state.dart
DA:18,1
DA:29,1
DA:39,1
DA:40,0
DA:42,1
DA:43,1
DA:45,1
DA:47,1
DA:48,1
DA:49,1
DA:53,1
DA:54,1
DA:55,1
DA:56,1
DA:57,1
DA:58,1
DA:59,1
DA:60,1
DA:61,1
DA:62,1
LF:20
LH:19
end_of_record
SF:lib\presentation\auth\forget_password\view_models\forget_password_view_model.dart
DA:24,1
DA:28,2
DA:39,1
DA:41,1
DA:42,1
DA:43,1
DA:44,1
DA:45,1
DA:46,1
DA:50,1
DA:51,3
DA:52,2
DA:53,3
DA:56,1
DA:57,1
DA:58,2
DA:60,1
DA:64,1
DA:65,1
DA:66,3
DA:71,1
DA:72,3
DA:73,2
DA:74,3
DA:77,1
DA:78,1
DA:79,2
DA:81,1
DA:85,1
DA:86,3
DA:90,1
DA:91,3
DA:92,2
DA:93,1
DA:94,2
DA:95,2
DA:99,1
DA:100,1
DA:101,2
DA:103,1
DA:107,1
DA:108,1
DA:109,3
DA:114,1
DA:116,2
DA:117,2
DA:118,2
DA:119,1
LF:48
LH:48
end_of_record
SF:lib\domin\use_cases\guest_login_use_case.dart
DA:8,0
DA:9,0
DA:10,0
LF:3
LH:0
end_of_record
SF:lib\presentation\auth\login\view_models\login_cubit.dart
DA:13,2
DA:17,1
DA:19,1
DA:20,3
DA:21,1
DA:22,0
DA:23,1
DA:24,2
DA:25,2
DA:29,1
DA:30,1
DA:31,3
DA:34,0
DA:35,0
DA:38,1
DA:39,3
DA:40,2
DA:41,1
DA:44,1
DA:48,1
DA:49,4
DA:50,1
DA:51,1
DA:52,3
LF:24
LH:21
end_of_record
SF:lib\presentation\auth\login\view_models\login_event.dart
DA:7,1
DA:14,1
LF:2
LH:2
end_of_record
SF:lib\presentation\auth\login\view_models\login_state.dart
DA:9,4
DA:11,1
DA:13,1
DA:18,1
DA:25,1
DA:26,4
LF:6
LH:6
end_of_record
SF:lib\presentation\auth\register\view_models\register_states.dart
DA:9,3
DA:12,1
DA:15,2
LF:3
LH:3
end_of_record
SF:lib\domin\use_cases\get_profile_info_use_case.dart
DA:10,1
DA:11,1
DA:12,2
LF:3
LH:3
end_of_record
SF:lib\domin\use_cases\get_user_status_use_case.dart
DA:8,1
DA:9,1
DA:10,2
LF:3
LH:3
end_of_record
SF:lib\domin\use_cases\login_use_case.dart
DA:11,1
DA:12,1
DA:15,2
LF:3
LH:3
end_of_record
SF:lib\domin\use_cases\register_use_case.dart
DA:10,1
DA:12,1
DA:15,2
LF:3
LH:3
end_of_record
SF:lib\domin\use_cases\update_profile_info_use_case.dart
DA:11,1
DA:12,1
DA:15,2
LF:3
LH:3
end_of_record
SF:lib\domin\use_cases\upload_profile_image_use_case.dart
DA:11,1
DA:12,1
DA:13,2
LF:3
LH:3
end_of_record
SF:lib\domin\use_cases\guest_login_use_case.dart
DA:8,0
DA:9,0
DA:10,0
LF:3
LH:0
end_of_record
SF:lib\presentation\auth\login\view_models\login_cubit.dart
DA:13,1
DA:14,1
DA:18,1
DA:20,1
DA:21,3
DA:22,1
DA:23,0
DA:24,1
DA:25,2
DA:26,2
DA:30,1
DA:31,1
DA:32,3
DA:35,0
DA:36,0
DA:39,1
DA:40,3
DA:41,2
DA:42,1
DA:45,1
DA:49,1
DA:50,4
DA:51,1
DA:52,1
DA:53,3
LF:25
LH:22
end_of_record
SF:lib\presentation\auth\login\view_models\login_event.dart
DA:7,1
DA:14,1
LF:2
LH:2
end_of_record
SF:lib\presentation\auth\login\view_models\login_state.dart
DA:10,3
DA:17,1
DA:23,1
DA:24,1
DA:25,1
DA:26,1
DA:27,1
DA:31,1
DA:32,5
LF:9
LH:9
end_of_record
SF:lib\presentation\auth\register\view_models\register_states.dart
DA:9,3
DA:11,1
DA:12,4
DA:14,1
DA:19,1
DA:20,0
LF:6
LH:5
end_of_record
SF:lib\presentation\auth\register\view_models\register_view_model.dart
DA:15,2
DA:26,1
DA:28,1
DA:29,1
DA:30,1
DA:35,1
DA:36,3
DA:37,2
DA:38,1
DA:39,2
DA:40,2
DA:41,2
DA:42,2
DA:43,2
DA:44,2
DA:45,2
DA:49,1
DA:50,4
DA:51,1
DA:52,1
DA:53,3
DA:58,1
DA:60,2
DA:61,2
DA:62,2
DA:63,2
DA:64,2
DA:65,2
DA:66,1
LF:28
LH:28
end_of_record
SF:lib\domin\use_cases\get_all_products_use_case.dart
DA:11,0
DA:13,0
DA:14,0
LF:3
LH:0
end_of_record
SF:lib\presentation\categories\view_models\categories_state.dart
DA:10,3
DA:18,1
DA:25,1
DA:26,1
DA:27,1
DA:28,1
DA:29,1
DA:30,1
DA:34,1
DA:35,1
DA:36,1
DA:37,1
DA:38,1
DA:39,1
DA:40,1
LF:15
LH:15
end_of_record
SF:lib\presentation\categories\view_models\categories_view_model.dart
DA:22,1
DA:26,1
DA:36,1
DA:38,1
DA:39,1
DA:40,1
DA:41,1
DA:42,1
DA:43,1
DA:44,0
DA:45,0
DA:46,0
DA:47,0
DA:51,1
DA:52,3
DA:53,2
DA:55,1
DA:56,2
DA:57,4
DA:58,1
DA:59,1
DA:60,3
DA:65,1
DA:66,3
DA:67,2
DA:69,1
DA:70,2
DA:71,1
DA:72,3
DA:74,1
DA:75,1
DA:76,2
DA:77,1
DA:84,1
DA:85,3
DA:86,2
DA:87,6
DA:90,1
DA:91,2
DA:92,1
DA:93,3
DA:95,1
DA:96,1
DA:97,2
DA:98,1
DA:105,0
DA:106,0
DA:108,0
DA:109,0
DA:110,0
DA:111,0
DA:112,0
DA:115,0
DA:116,0
DA:118,0
DA:119,0
DA:124,0
DA:125,0
DA:126,0
DA:127,0
DA:129,0
DA:130,0
DA:131,0
DA:132,0
DA:133,0
DA:135,0
DA:139,0
DA:140,0
DA:143,0
DA:144,0
DA:145,0
DA:148,0
DA:149,0
DA:151,0
LF:74
LH:41
end_of_record
SF:lib\presentation\occasion\view_models\occasion_events.dart
DA:7,1
LF:1
LH:1
end_of_record
SF:lib\presentation\occasion\view_models\occasion_states.dart
DA:14,3
DA:25,1
DA:33,1
DA:35,1
DA:36,1
DA:39,1
DA:40,1
DA:45,1
DA:46,1
DA:47,1
DA:48,1
DA:49,1
DA:50,1
DA:51,1
DA:52,1
LF:15
LH:15
end_of_record
SF:lib\presentation\occasion\view_models\occasion_view_model.dart
DA:15,1
DA:16,1
DA:18,1
DA:20,1
DA:21,1
DA:22,2
DA:23,1
DA:29,1
DA:30,3
DA:31,2
DA:33,1
DA:34,1
DA:35,2
DA:37,1
DA:40,1
DA:41,1
DA:42,2
DA:44,1
DA:50,1
DA:51,3
DA:52,2
DA:54,1
DA:55,1
DA:56,2
DA:58,1
DA:61,1
DA:62,1
DA:63,2
DA:65,1
LF:29
LH:29
end_of_record
